current directory: /volume1/homes/soil/soil/.gems/gems/atomic-1.1.10/ext
/var/services/homes/soil/.rbenv/versions/2.3.0/bin/ruby -r ./siteconf20160403-9313-19db745.rb extconf.rb
creating Makefile

To see why this extension failed to compile, please check the mkmf.log which can be found here:

  /var/services/homes/soil/soil/.gems/extensions/armv7l-linux/2.3.0-static/atomic-1.1.10/mkmf.log

current directory: /volume1/homes/soil/soil/.gems/gems/atomic-1.1.10/ext
make "DESTDIR=" clean

current directory: /volume1/homes/soil/soil/.gems/gems/atomic-1.1.10/ext
make "DESTDIR="
compiling atomic_reference.c
atomic_reference.c: In function 'ir_alloc':
atomic_reference.c:20:5: warning: 'rb_data_object_alloc' is deprecated: by rb_data_object_wrap [-Wdeprecated-declarations]
     return rb_data_object_alloc(klass, (void *) Qnil, ir_mark, NULL);
     ^
In file included from /var/services/homes/soil/.rbenv/versions/2.3.0/include/ruby-2.3.0/ruby.h:33:0,
                 from atomic_reference.c:13:
/var/services/homes/soil/.rbenv/versions/2.3.0/include/ruby-2.3.0/ruby/ruby.h:1421:1: note: declared here
 rb_data_object_alloc(VALUE klass, void *data, RUBY_DATA_FUNC dmark, RUBY_DATA_FUNC dfree)
 ^
linking shared-object atomic_reference.so

current directory: /volume1/homes/soil/soil/.gems/gems/atomic-1.1.10/ext
make "DESTDIR=" install
/opt/bin/install -c -m 0755 atomic_reference.so ./.gem.20160403-9313-tfogc8
