"gcc -o conftest -I/var/services/homes/soil/.rbenv/versions/2.3.0/include/ruby-2.3.0/armv7l-linux-eabihf -I/var/services/homes/soil/.rbenv/versions/2.3.0/include/ruby-2.3.0/ruby/backward -I/var/services/homes/soil/.rbenv/versions/2.3.0/include/ruby-2.3.0 -I. -I/var/services/homes/soil/.rbenv/versions/2.3.0/include  -D_FILE_OFFSET_BITS=64   -O3 -fno-fast-math -ggdb3 -Wall -Wextra -Wno-unused-parameter -Wno-parentheses -Wno-long-long -Wno-missing-field-initializers -Wunused-variable -Wpointer-arith -Wwrite-strings -Wdeclaration-after-statement -Wimplicit-function-declaration -Wdeprecated-declarations -Wno-packed-bitfield-compat -Wno-maybe-uninitialized conftest.c  -L. -L/var/services/homes/soil/.rbenv/versions/2.3.0/lib -Wl,-R/var/services/homes/soil/.rbenv/versions/2.3.0/lib -L. -L/var/services/homes/soil/.rbenv/versions/2.3.0/lib  -fstack-protector -rdynamic -Wl,-export-dynamic     -Wl,-R/var/services/homes/soil/.rbenv/versions/2.3.0/lib -L/var/services/homes/soil/.rbenv/versions/2.3.0/lib -lruby-static  -lpthread -lgmp -ldl -lcrypt -lm   -lc"
checked program was:
/* begin */
1: #include "ruby.h"
2: 
3: int main(int argc, char **argv)
4: {
5:   return 0;
6: }
/* end */

"gcc -o conftest -I/var/services/homes/soil/.rbenv/versions/2.3.0/include/ruby-2.3.0/armv7l-linux-eabihf -I/var/services/homes/soil/.rbenv/versions/2.3.0/include/ruby-2.3.0/ruby/backward -I/var/services/homes/soil/.rbenv/versions/2.3.0/include/ruby-2.3.0 -I. -I/var/services/homes/soil/.rbenv/versions/2.3.0/include  -D_FILE_OFFSET_BITS=64   -O3 -fno-fast-math -ggdb3 -Wall -Wextra -Wno-unused-parameter -Wno-parentheses -Wno-long-long -Wno-missing-field-initializers -Wunused-variable -Wpointer-arith -Wwrite-strings -Wdeclaration-after-statement -Wimplicit-function-declaration -Wdeprecated-declarations -Wno-packed-bitfield-compat -Wno-maybe-uninitialized conftest.c  -L. -L/var/services/homes/soil/.rbenv/versions/2.3.0/lib -Wl,-R/var/services/homes/soil/.rbenv/versions/2.3.0/lib -L. -L/var/services/homes/soil/.rbenv/versions/2.3.0/lib  -fstack-protector -rdynamic -Wl,-export-dynamic     -Wl,-R/var/services/homes/soil/.rbenv/versions/2.3.0/lib -L/var/services/homes/soil/.rbenv/versions/2.3.0/lib -lruby-static  -O3 -fno-fast-math -ggdb3 -Wall -Wextra -Wno-unused-parameter -Wno-parentheses -Wno-long-long -Wno-missing-field-initializers -Wunused-variable -Wpointer-arith -Wwrite-strings -Wdeclaration-after-statement -Wimplicit-function-declaration -Wdeprecated-declarations -Wno-packed-bitfield-compat -Wno-maybe-uninitialized -lpthread -lgmp -ldl -lcrypt -lm   -lc"
checked program was:
/* begin */
1: #include "ruby.h"
2: 
3: int main() {
4:   int i = 1;
5:   __sync_bool_compare_and_swap(&i, 1, 4);
6:   return (i != 4);
7: }
/* end */

./conftest
