current directory: /volume1/homes/soil/soil/.gems/gems/bcrypt-ruby-3.0.1/ext/mri
/var/services/homes/soil/.rbenv/versions/2.3.0/bin/ruby -r ./siteconf20160403-9313-1wywvu4.rb extconf.rb
creating Makefile

current directory: /volume1/homes/soil/soil/.gems/gems/bcrypt-ruby-3.0.1/ext/mri
make "DESTDIR=" clean

current directory: /volume1/homes/soil/soil/.gems/gems/bcrypt-ruby-3.0.1/ext/mri
make "DESTDIR="
compiling bcrypt_ext.c
bcrypt_ext.c: In function 'bcrypt_wrapper':
bcrypt_ext.c:27:19: warning: implicit declaration of function 'ruby_bcrypt' [-Wimplicit-function-declaration]
     return (VALUE)ruby_bcrypt(args->output, args->key, args->salt);
                   ^
bcrypt_ext.c: At top level:
bcrypt_ext.c:25:14: warning: 'bcrypt_wrapper' defined but not used [-Wunused-function]
 static VALUE bcrypt_wrapper(void *_args) {
              ^
compiling crypt.c
compiling crypt_blowfish.c
compiling crypt_gensalt.c
compiling wrapper.c
In file included from wrapper.c:27:0:
/var/services/homes/soil/.rbenv/versions/2.3.0/include/ruby-2.3.0/ruby/backward/util.h:2:2: warning: #warning use "ruby/util.h" instead of bare "util.h" [-Wcpp]
 #warning use "ruby/util.h" instead of bare "util.h"
  ^
linking shared-object bcrypt_ext.so

current directory: /volume1/homes/soil/soil/.gems/gems/bcrypt-ruby-3.0.1/ext/mri
make "DESTDIR=" install
/opt/bin/install -c -m 0755 bcrypt_ext.so ./.gem.20160403-9313-u9irv0
